2024-04-01 10:20:34.549  INFO 34548 --- [main] c.student.StudentRecordApplicationTests  : Starting StudentRecordApplicationTests on hemag with PID 34548 (started by hema in C:\Users\hema\Documents\Angular\StudentRecord)
2024-04-01 10:20:34.557  INFO 34548 --- [main] c.student.StudentRecordApplicationTests  : No active profile set, falling back to default profiles: default
2024-04-01 10:20:36.019  INFO 34548 --- [main] .s.d.r.c.RepositoryConfigurationDelegate : Bootstrapping Spring Data repositories in DEFAULT mode.
2024-04-01 10:20:36.137  INFO 34548 --- [main] .s.d.r.c.RepositoryConfigurationDelegate : Finished Spring Data repository scanning in 94ms. Found 1 repository interfaces.
2024-04-01 10:20:36.639  INFO 34548 --- [main] trationDelegate$BeanPostProcessorChecker : Bean 'org.springframework.transaction.annotation.ProxyTransactionManagementConfiguration' of type [org.springframework.transaction.annotation.ProxyTransactionManagementConfiguration] is not eligible for getting processed by all BeanPostProcessors (for example: not eligible for auto-proxying)
2024-04-01 10:20:37.025  INFO 34548 --- [main] o.hibernate.jpa.internal.util.LogHelper  : HHH000204: Processing PersistenceUnitInfo [name: default]
2024-04-01 10:20:37.146  INFO 34548 --- [main] org.hibernate.Version                    : HHH000412: Hibernate Core {5.4.4.Final}
2024-04-01 10:20:37.375  INFO 34548 --- [main] o.hibernate.annotations.common.Version   : HCANN000001: Hibernate Commons Annotations {5.1.0.Final}
2024-04-01 10:20:37.616  INFO 34548 --- [main] com.zaxxer.hikari.HikariDataSource       : HikariPool-1 - Starting...
2024-04-01 10:20:37.875  INFO 34548 --- [main] com.zaxxer.hikari.HikariDataSource       : HikariPool-1 - Start completed.
2024-04-01 10:20:37.900  INFO 34548 --- [main] org.hibernate.dialect.Dialect            : HHH000400: Using dialect: org.hibernate.dialect.PostgreSQLDialect
2024-04-01 10:20:39.226  INFO 34548 --- [main] o.h.e.t.j.p.i.JtaPlatformInitiator       : HHH000490: Using JtaPlatform implementation: [org.hibernate.engine.transaction.jta.platform.internal.NoJtaPlatform]
2024-04-01 10:20:39.228  INFO 34548 --- [main] j.LocalContainerEntityManagerFactoryBean : Initialized JPA EntityManagerFactory for persistence unit 'default'
2024-04-01 10:20:39.914  WARN 34548 --- [main] JpaBaseConfiguration$JpaWebConfiguration : spring.jpa.open-in-view is enabled by default. Therefore, database queries may be performed during view rendering. Explicitly configure spring.jpa.open-in-view to disable this warning
2024-04-01 10:20:40.364  INFO 34548 --- [main] o.s.s.concurrent.ThreadPoolTaskExecutor  : Initializing ExecutorService 'applicationTaskExecutor'
2024-04-01 10:20:40.523  INFO 34548 --- [main] o.s.b.a.w.s.WelcomePageHandlerMapping    : Adding welcome page: class path resource [static/index.html]
2024-04-01 10:20:41.050  INFO 34548 --- [main] o.s.b.a.e.web.EndpointLinksResolver      : Exposing 2 endpoint(s) beneath base path '/actuator'
2024-04-01 10:20:41.143  INFO 34548 --- [main] c.student.StudentRecordApplicationTests  : Started StudentRecordApplicationTests in 7.047 seconds (JVM running for 8.272)
2024-04-01 10:20:41.471  INFO 34548 --- [Thread-3] o.s.s.concurrent.ThreadPoolTaskExecutor  : Shutting down ExecutorService 'applicationTaskExecutor'
2024-04-01 10:20:41.474  INFO 34548 --- [Thread-3] j.LocalContainerEntityManagerFactoryBean : Closing JPA EntityManagerFactory for persistence unit 'default'
2024-04-01 10:20:41.476  INFO 34548 --- [Thread-3] com.zaxxer.hikari.HikariDataSource       : HikariPool-1 - Shutdown initiated...
2024-04-01 10:20:41.488  INFO 34548 --- [Thread-3] com.zaxxer.hikari.HikariDataSource       : HikariPool-1 - Shutdown completed.
2024-04-01 10:20:56.047  INFO 53500 --- [restartedMain] com.student.StudentRecordApplication     : Starting StudentRecordApplication on hemag with PID 53500 (C:\Users\hema\Documents\Angular\StudentRecord\target\classes started by hema in C:\Users\hema\Documents\Angular\StudentRecord)
2024-04-01 10:20:56.050  INFO 53500 --- [restartedMain] com.student.StudentRecordApplication     : No active profile set, falling back to default profiles: default
2024-04-01 10:20:56.099  INFO 53500 --- [restartedMain] o.s.b.devtools.restart.ChangeableUrls    : The Class-Path manifest attribute in C:\Users\hema\.m2\repository\org\glassfish\jaxb\jaxb-runtime\2.3.2\jaxb-runtime-2.3.2.jar referenced one or more files that do not exist: file:/C:/Users/hema/.m2/repository/org/glassfish/jaxb/jaxb-runtime/2.3.2/jakarta.xml.bind-api-2.3.2.jar,file:/C:/Users/hema/.m2/repository/org/glassfish/jaxb/jaxb-runtime/2.3.2/txw2-2.3.2.jar,file:/C:/Users/hema/.m2/repository/org/glassfish/jaxb/jaxb-runtime/2.3.2/istack-commons-runtime-3.0.8.jar,file:/C:/Users/hema/.m2/repository/org/glassfish/jaxb/jaxb-runtime/2.3.2/stax-ex-1.8.1.jar,file:/C:/Users/hema/.m2/repository/org/glassfish/jaxb/jaxb-runtime/2.3.2/FastInfoset-1.2.16.jar,file:/C:/Users/hema/.m2/repository/org/glassfish/jaxb/jaxb-runtime/2.3.2/jakarta.activation-api-1.2.1.jar
2024-04-01 10:20:56.100  INFO 53500 --- [restartedMain] .e.DevToolsPropertyDefaultsPostProcessor : Devtools property defaults active! Set 'spring.devtools.add-properties' to 'false' to disable
2024-04-01 10:20:56.100  INFO 53500 --- [restartedMain] .e.DevToolsPropertyDefaultsPostProcessor : For additional web related logging consider setting the 'logging.level.web' property to 'DEBUG'
2024-04-01 10:20:56.782  INFO 53500 --- [restartedMain] .s.d.r.c.RepositoryConfigurationDelegate : Bootstrapping Spring Data repositories in DEFAULT mode.
2024-04-01 10:20:56.827  INFO 53500 --- [restartedMain] .s.d.r.c.RepositoryConfigurationDelegate : Finished Spring Data repository scanning in 39ms. Found 1 repository interfaces.
2024-04-01 10:20:57.037  INFO 53500 --- [restartedMain] trationDelegate$BeanPostProcessorChecker : Bean 'org.springframework.transaction.annotation.ProxyTransactionManagementConfiguration' of type [org.springframework.transaction.annotation.ProxyTransactionManagementConfiguration] is not eligible for getting processed by all BeanPostProcessors (for example: not eligible for auto-proxying)
2024-04-01 10:20:57.257  INFO 53500 --- [restartedMain] o.s.b.w.embedded.tomcat.TomcatWebServer  : Tomcat initialized with port(s): 8080 (http)
2024-04-01 10:20:57.266  INFO 53500 --- [restartedMain] o.apache.catalina.core.StandardService   : Starting service [Tomcat]
2024-04-01 10:20:57.266  INFO 53500 --- [restartedMain] org.apache.catalina.core.StandardEngine  : Starting Servlet engine: [Apache Tomcat/9.0.22]
2024-04-01 10:20:57.331  INFO 53500 --- [restartedMain] o.a.c.c.C.[Tomcat].[localhost].[/]       : Initializing Spring embedded WebApplicationContext
2024-04-01 10:20:57.331  INFO 53500 --- [restartedMain] o.s.web.context.ContextLoader            : Root WebApplicationContext: initialization completed in 1231 ms
2024-04-01 10:20:57.613  INFO 53500 --- [restartedMain] o.hibernate.jpa.internal.util.LogHelper  : HHH000204: Processing PersistenceUnitInfo [name: default]
2024-04-01 10:20:57.665  INFO 53500 --- [restartedMain] org.hibernate.Version                    : HHH000412: Hibernate Core {5.4.4.Final}
2024-04-01 10:20:57.780  INFO 53500 --- [restartedMain] o.hibernate.annotations.common.Version   : HCANN000001: Hibernate Commons Annotations {5.1.0.Final}
2024-04-01 10:20:57.871  INFO 53500 --- [restartedMain] com.zaxxer.hikari.HikariDataSource       : HikariPool-1 - Starting...
2024-04-01 10:20:58.023  INFO 53500 --- [restartedMain] com.zaxxer.hikari.HikariDataSource       : HikariPool-1 - Start completed.
2024-04-01 10:20:58.038  INFO 53500 --- [restartedMain] org.hibernate.dialect.Dialect            : HHH000400: Using dialect: org.hibernate.dialect.PostgreSQLDialect
2024-04-01 10:20:58.770  INFO 53500 --- [restartedMain] o.h.e.t.j.p.i.JtaPlatformInitiator       : HHH000490: Using JtaPlatform implementation: [org.hibernate.engine.transaction.jta.platform.internal.NoJtaPlatform]
2024-04-01 10:20:58.771  INFO 53500 --- [restartedMain] j.LocalContainerEntityManagerFactoryBean : Initialized JPA EntityManagerFactory for persistence unit 'default'
2024-04-01 10:20:58.803  INFO 53500 --- [restartedMain] o.s.b.d.a.OptionalLiveReloadServer       : LiveReload server is running on port 35729
2024-04-01 10:20:59.041  WARN 53500 --- [restartedMain] JpaBaseConfiguration$JpaWebConfiguration : spring.jpa.open-in-view is enabled by default. Therefore, database queries may be performed during view rendering. Explicitly configure spring.jpa.open-in-view to disable this warning
2024-04-01 10:20:59.138  INFO 53500 --- [restartedMain] o.s.s.concurrent.ThreadPoolTaskExecutor  : Initializing ExecutorService 'applicationTaskExecutor'
2024-04-01 10:20:59.208  INFO 53500 --- [restartedMain] o.s.b.a.w.s.WelcomePageHandlerMapping    : Adding welcome page: class path resource [static/index.html]
2024-04-01 10:20:59.370  INFO 53500 --- [restartedMain] o.s.b.a.e.web.EndpointLinksResolver      : Exposing 2 endpoint(s) beneath base path '/actuator'
2024-04-01 10:20:59.430  INFO 53500 --- [restartedMain] o.apache.catalina.core.StandardService   : Stopping service [Tomcat]
2024-04-01 10:20:59.436  INFO 53500 --- [restartedMain] ConditionEvaluationReportLoggingListener : 

Error starting ApplicationContext. To display the conditions report re-run your application with 'debug' enabled.
2024-04-01 10:20:59.438 ERROR 53500 --- [restartedMain] o.s.b.d.LoggingFailureAnalysisReporter   : 

***************************
APPLICATION FAILED TO START
***************************

Description:

Web server failed to start. Port 8080 was already in use.

Action:

Identify and stop the process that's listening on port 8080 or configure this application to listen on another port.

2024-04-01 10:20:59.441  INFO 53500 --- [restartedMain] o.s.s.concurrent.ThreadPoolTaskExecutor  : Shutting down ExecutorService 'applicationTaskExecutor'
2024-04-01 10:20:59.442  INFO 53500 --- [restartedMain] j.LocalContainerEntityManagerFactoryBean : Closing JPA EntityManagerFactory for persistence unit 'default'
2024-04-01 10:20:59.444  INFO 53500 --- [restartedMain] com.zaxxer.hikari.HikariDataSource       : HikariPool-1 - Shutdown initiated...
2024-04-01 10:20:59.450  INFO 53500 --- [restartedMain] com.zaxxer.hikari.HikariDataSource       : HikariPool-1 - Shutdown completed.
2024-04-01 10:21:32.978  INFO 24696 --- [restartedMain] com.student.StudentRecordApplication     : Starting StudentRecordApplication on hemag with PID 24696 (C:\Users\hema\Documents\Angular\StudentRecord\target\classes started by hema in C:\Users\hema\Documents\Angular\StudentRecord)
2024-04-01 10:21:32.981  INFO 24696 --- [restartedMain] com.student.StudentRecordApplication     : No active profile set, falling back to default profiles: default
2024-04-01 10:21:33.041  INFO 24696 --- [restartedMain] o.s.b.devtools.restart.ChangeableUrls    : The Class-Path manifest attribute in C:\Users\hema\.m2\repository\org\glassfish\jaxb\jaxb-runtime\2.3.2\jaxb-runtime-2.3.2.jar referenced one or more files that do not exist: file:/C:/Users/hema/.m2/repository/org/glassfish/jaxb/jaxb-runtime/2.3.2/jakarta.xml.bind-api-2.3.2.jar,file:/C:/Users/hema/.m2/repository/org/glassfish/jaxb/jaxb-runtime/2.3.2/txw2-2.3.2.jar,file:/C:/Users/hema/.m2/repository/org/glassfish/jaxb/jaxb-runtime/2.3.2/istack-commons-runtime-3.0.8.jar,file:/C:/Users/hema/.m2/repository/org/glassfish/jaxb/jaxb-runtime/2.3.2/stax-ex-1.8.1.jar,file:/C:/Users/hema/.m2/repository/org/glassfish/jaxb/jaxb-runtime/2.3.2/FastInfoset-1.2.16.jar,file:/C:/Users/hema/.m2/repository/org/glassfish/jaxb/jaxb-runtime/2.3.2/jakarta.activation-api-1.2.1.jar
2024-04-01 10:21:33.041  INFO 24696 --- [restartedMain] .e.DevToolsPropertyDefaultsPostProcessor : Devtools property defaults active! Set 'spring.devtools.add-properties' to 'false' to disable
2024-04-01 10:21:33.041  INFO 24696 --- [restartedMain] .e.DevToolsPropertyDefaultsPostProcessor : For additional web related logging consider setting the 'logging.level.web' property to 'DEBUG'
2024-04-01 10:21:34.075  INFO 24696 --- [restartedMain] .s.d.r.c.RepositoryConfigurationDelegate : Bootstrapping Spring Data repositories in DEFAULT mode.
2024-04-01 10:21:34.132  INFO 24696 --- [restartedMain] .s.d.r.c.RepositoryConfigurationDelegate : Finished Spring Data repository scanning in 50ms. Found 1 repository interfaces.
2024-04-01 10:21:34.390  INFO 24696 --- [restartedMain] trationDelegate$BeanPostProcessorChecker : Bean 'org.springframework.transaction.annotation.ProxyTransactionManagementConfiguration' of type [org.springframework.transaction.annotation.ProxyTransactionManagementConfiguration] is not eligible for getting processed by all BeanPostProcessors (for example: not eligible for auto-proxying)
2024-04-01 10:21:34.656  INFO 24696 --- [restartedMain] o.s.b.w.embedded.tomcat.TomcatWebServer  : Tomcat initialized with port(s): 8080 (http)
2024-04-01 10:21:34.666  INFO 24696 --- [restartedMain] o.apache.catalina.core.StandardService   : Starting service [Tomcat]
2024-04-01 10:21:34.666  INFO 24696 --- [restartedMain] org.apache.catalina.core.StandardEngine  : Starting Servlet engine: [Apache Tomcat/9.0.22]
2024-04-01 10:21:34.745  INFO 24696 --- [restartedMain] o.a.c.c.C.[Tomcat].[localhost].[/]       : Initializing Spring embedded WebApplicationContext
2024-04-01 10:21:34.745  INFO 24696 --- [restartedMain] o.s.web.context.ContextLoader            : Root WebApplicationContext: initialization completed in 1704 ms
2024-04-01 10:21:35.052  INFO 24696 --- [restartedMain] o.hibernate.jpa.internal.util.LogHelper  : HHH000204: Processing PersistenceUnitInfo [name: default]
2024-04-01 10:21:35.113  INFO 24696 --- [restartedMain] org.hibernate.Version                    : HHH000412: Hibernate Core {5.4.4.Final}
2024-04-01 10:21:35.243  INFO 24696 --- [restartedMain] o.hibernate.annotations.common.Version   : HCANN000001: Hibernate Commons Annotations {5.1.0.Final}
2024-04-01 10:21:35.341  INFO 24696 --- [restartedMain] com.zaxxer.hikari.HikariDataSource       : HikariPool-1 - Starting...
2024-04-01 10:21:35.518  INFO 24696 --- [restartedMain] com.zaxxer.hikari.HikariDataSource       : HikariPool-1 - Start completed.
2024-04-01 10:21:35.533  INFO 24696 --- [restartedMain] org.hibernate.dialect.Dialect            : HHH000400: Using dialect: org.hibernate.dialect.PostgreSQLDialect
2024-04-01 10:21:36.373  INFO 24696 --- [restartedMain] o.h.e.t.j.p.i.JtaPlatformInitiator       : HHH000490: Using JtaPlatform implementation: [org.hibernate.engine.transaction.jta.platform.internal.NoJtaPlatform]
2024-04-01 10:21:36.375  INFO 24696 --- [restartedMain] j.LocalContainerEntityManagerFactoryBean : Initialized JPA EntityManagerFactory for persistence unit 'default'
2024-04-01 10:21:36.403  INFO 24696 --- [restartedMain] o.s.b.d.a.OptionalLiveReloadServer       : LiveReload server is running on port 35729
2024-04-01 10:21:36.642  WARN 24696 --- [restartedMain] JpaBaseConfiguration$JpaWebConfiguration : spring.jpa.open-in-view is enabled by default. Therefore, database queries may be performed during view rendering. Explicitly configure spring.jpa.open-in-view to disable this warning
2024-04-01 10:21:36.761  INFO 24696 --- [restartedMain] o.s.s.concurrent.ThreadPoolTaskExecutor  : Initializing ExecutorService 'applicationTaskExecutor'
2024-04-01 10:21:36.833  INFO 24696 --- [restartedMain] o.s.b.a.w.s.WelcomePageHandlerMapping    : Adding welcome page: class path resource [static/index.html]
2024-04-01 10:21:37.053  INFO 24696 --- [restartedMain] o.s.b.a.e.web.EndpointLinksResolver      : Exposing 2 endpoint(s) beneath base path '/actuator'
2024-04-01 10:21:37.106  INFO 24696 --- [restartedMain] o.apache.catalina.core.StandardService   : Stopping service [Tomcat]
2024-04-01 10:21:37.113  INFO 24696 --- [restartedMain] ConditionEvaluationReportLoggingListener : 

Error starting ApplicationContext. To display the conditions report re-run your application with 'debug' enabled.
2024-04-01 10:21:37.115 ERROR 24696 --- [restartedMain] o.s.b.d.LoggingFailureAnalysisReporter   : 

***************************
APPLICATION FAILED TO START
***************************

Description:

Web server failed to start. Port 8080 was already in use.

Action:

Identify and stop the process that's listening on port 8080 or configure this application to listen on another port.

2024-04-01 10:21:37.118  INFO 24696 --- [restartedMain] o.s.s.concurrent.ThreadPoolTaskExecutor  : Shutting down ExecutorService 'applicationTaskExecutor'
2024-04-01 10:21:37.119  INFO 24696 --- [restartedMain] j.LocalContainerEntityManagerFactoryBean : Closing JPA EntityManagerFactory for persistence unit 'default'
2024-04-01 10:21:37.122  INFO 24696 --- [restartedMain] com.zaxxer.hikari.HikariDataSource       : HikariPool-1 - Shutdown initiated...
2024-04-01 10:21:37.127  INFO 24696 --- [restartedMain] com.zaxxer.hikari.HikariDataSource       : HikariPool-1 - Shutdown completed.
2024-04-01 10:22:28.780  INFO 51676 --- [restartedMain] com.student.StudentRecordApplication     : Starting StudentRecordApplication on hemag with PID 51676 (C:\Users\hema\Documents\Angular\StudentRecord\target\classes started by hema in C:\Users\hema\Documents\Angular\StudentRecord)
2024-04-01 10:22:28.783  INFO 51676 --- [restartedMain] com.student.StudentRecordApplication     : No active profile set, falling back to default profiles: default
2024-04-01 10:22:28.828  INFO 51676 --- [restartedMain] o.s.b.devtools.restart.ChangeableUrls    : The Class-Path manifest attribute in C:\Users\hema\.m2\repository\org\glassfish\jaxb\jaxb-runtime\2.3.2\jaxb-runtime-2.3.2.jar referenced one or more files that do not exist: file:/C:/Users/hema/.m2/repository/org/glassfish/jaxb/jaxb-runtime/2.3.2/jakarta.xml.bind-api-2.3.2.jar,file:/C:/Users/hema/.m2/repository/org/glassfish/jaxb/jaxb-runtime/2.3.2/txw2-2.3.2.jar,file:/C:/Users/hema/.m2/repository/org/glassfish/jaxb/jaxb-runtime/2.3.2/istack-commons-runtime-3.0.8.jar,file:/C:/Users/hema/.m2/repository/org/glassfish/jaxb/jaxb-runtime/2.3.2/stax-ex-1.8.1.jar,file:/C:/Users/hema/.m2/repository/org/glassfish/jaxb/jaxb-runtime/2.3.2/FastInfoset-1.2.16.jar,file:/C:/Users/hema/.m2/repository/org/glassfish/jaxb/jaxb-runtime/2.3.2/jakarta.activation-api-1.2.1.jar
2024-04-01 10:22:28.828  INFO 51676 --- [restartedMain] .e.DevToolsPropertyDefaultsPostProcessor : Devtools property defaults active! Set 'spring.devtools.add-properties' to 'false' to disable
2024-04-01 10:22:28.828  INFO 51676 --- [restartedMain] .e.DevToolsPropertyDefaultsPostProcessor : For additional web related logging consider setting the 'logging.level.web' property to 'DEBUG'
2024-04-01 10:22:29.445  INFO 51676 --- [restartedMain] .s.d.r.c.RepositoryConfigurationDelegate : Bootstrapping Spring Data repositories in DEFAULT mode.
2024-04-01 10:22:29.490  INFO 51676 --- [restartedMain] .s.d.r.c.RepositoryConfigurationDelegate : Finished Spring Data repository scanning in 39ms. Found 1 repository interfaces.
2024-04-01 10:22:29.782  INFO 51676 --- [restartedMain] trationDelegate$BeanPostProcessorChecker : Bean 'org.springframework.transaction.annotation.ProxyTransactionManagementConfiguration' of type [org.springframework.transaction.annotation.ProxyTransactionManagementConfiguration] is not eligible for getting processed by all BeanPostProcessors (for example: not eligible for auto-proxying)
2024-04-01 10:22:30.026  INFO 51676 --- [restartedMain] o.s.b.w.embedded.tomcat.TomcatWebServer  : Tomcat initialized with port(s): 8080 (http)
2024-04-01 10:22:30.037  INFO 51676 --- [restartedMain] o.apache.catalina.core.StandardService   : Starting service [Tomcat]
2024-04-01 10:22:30.037  INFO 51676 --- [restartedMain] org.apache.catalina.core.StandardEngine  : Starting Servlet engine: [Apache Tomcat/9.0.22]
2024-04-01 10:22:30.107  INFO 51676 --- [restartedMain] o.a.c.c.C.[Tomcat].[localhost].[/]       : Initializing Spring embedded WebApplicationContext
2024-04-01 10:22:30.107  INFO 51676 --- [restartedMain] o.s.web.context.ContextLoader            : Root WebApplicationContext: initialization completed in 1279 ms
2024-04-01 10:22:30.398  INFO 51676 --- [restartedMain] o.hibernate.jpa.internal.util.LogHelper  : HHH000204: Processing PersistenceUnitInfo [name: default]
2024-04-01 10:22:30.462  INFO 51676 --- [restartedMain] org.hibernate.Version                    : HHH000412: Hibernate Core {5.4.4.Final}
2024-04-01 10:22:30.600  INFO 51676 --- [restartedMain] o.hibernate.annotations.common.Version   : HCANN000001: Hibernate Commons Annotations {5.1.0.Final}
2024-04-01 10:22:30.686  INFO 51676 --- [restartedMain] com.zaxxer.hikari.HikariDataSource       : HikariPool-1 - Starting...
2024-04-01 10:22:30.857  INFO 51676 --- [restartedMain] com.zaxxer.hikari.HikariDataSource       : HikariPool-1 - Start completed.
2024-04-01 10:22:30.871  INFO 51676 --- [restartedMain] org.hibernate.dialect.Dialect            : HHH000400: Using dialect: org.hibernate.dialect.PostgreSQLDialect
2024-04-01 10:22:31.591  INFO 51676 --- [restartedMain] o.h.e.t.j.p.i.JtaPlatformInitiator       : HHH000490: Using JtaPlatform implementation: [org.hibernate.engine.transaction.jta.platform.internal.NoJtaPlatform]
2024-04-01 10:22:31.592  INFO 51676 --- [restartedMain] j.LocalContainerEntityManagerFactoryBean : Initialized JPA EntityManagerFactory for persistence unit 'default'
2024-04-01 10:22:31.620  INFO 51676 --- [restartedMain] o.s.b.d.a.OptionalLiveReloadServer       : LiveReload server is running on port 35729
2024-04-01 10:22:31.817  WARN 51676 --- [restartedMain] JpaBaseConfiguration$JpaWebConfiguration : spring.jpa.open-in-view is enabled by default. Therefore, database queries may be performed during view rendering. Explicitly configure spring.jpa.open-in-view to disable this warning
2024-04-01 10:22:31.909  INFO 51676 --- [restartedMain] o.s.s.concurrent.ThreadPoolTaskExecutor  : Initializing ExecutorService 'applicationTaskExecutor'
2024-04-01 10:22:31.970  INFO 51676 --- [restartedMain] o.s.b.a.w.s.WelcomePageHandlerMapping    : Adding welcome page: class path resource [static/index.html]
2024-04-01 10:22:32.114  INFO 51676 --- [restartedMain] o.s.b.a.e.web.EndpointLinksResolver      : Exposing 2 endpoint(s) beneath base path '/actuator'
2024-04-01 10:22:32.167  INFO 51676 --- [restartedMain] o.apache.catalina.core.StandardService   : Stopping service [Tomcat]
2024-04-01 10:22:32.173  INFO 51676 --- [restartedMain] ConditionEvaluationReportLoggingListener : 

Error starting ApplicationContext. To display the conditions report re-run your application with 'debug' enabled.
2024-04-01 10:22:32.175 ERROR 51676 --- [restartedMain] o.s.b.d.LoggingFailureAnalysisReporter   : 

***************************
APPLICATION FAILED TO START
***************************

Description:

Web server failed to start. Port 8080 was already in use.

Action:

Identify and stop the process that's listening on port 8080 or configure this application to listen on another port.

2024-04-01 10:22:32.177  INFO 51676 --- [restartedMain] o.s.s.concurrent.ThreadPoolTaskExecutor  : Shutting down ExecutorService 'applicationTaskExecutor'
2024-04-01 10:22:32.178  INFO 51676 --- [restartedMain] j.LocalContainerEntityManagerFactoryBean : Closing JPA EntityManagerFactory for persistence unit 'default'
2024-04-01 10:22:32.185  INFO 51676 --- [restartedMain] com.zaxxer.hikari.HikariDataSource       : HikariPool-1 - Shutdown initiated...
2024-04-01 10:22:32.187  INFO 51676 --- [restartedMain] com.zaxxer.hikari.HikariDataSource       : HikariPool-1 - Shutdown completed.
2024-04-01 10:23:22.543  INFO 15144 --- [restartedMain] com.student.StudentRecordApplication     : Starting StudentRecordApplication on hemag with PID 15144 (C:\Users\hema\Documents\Angular\StudentRecord\target\classes started by hema in C:\Users\hema\Documents\Angular\StudentRecord)
2024-04-01 10:23:22.546  INFO 15144 --- [restartedMain] com.student.StudentRecordApplication     : No active profile set, falling back to default profiles: default
2024-04-01 10:23:22.614  INFO 15144 --- [restartedMain] o.s.b.devtools.restart.ChangeableUrls    : The Class-Path manifest attribute in C:\Users\hema\.m2\repository\org\glassfish\jaxb\jaxb-runtime\2.3.2\jaxb-runtime-2.3.2.jar referenced one or more files that do not exist: file:/C:/Users/hema/.m2/repository/org/glassfish/jaxb/jaxb-runtime/2.3.2/jakarta.xml.bind-api-2.3.2.jar,file:/C:/Users/hema/.m2/repository/org/glassfish/jaxb/jaxb-runtime/2.3.2/txw2-2.3.2.jar,file:/C:/Users/hema/.m2/repository/org/glassfish/jaxb/jaxb-runtime/2.3.2/istack-commons-runtime-3.0.8.jar,file:/C:/Users/hema/.m2/repository/org/glassfish/jaxb/jaxb-runtime/2.3.2/stax-ex-1.8.1.jar,file:/C:/Users/hema/.m2/repository/org/glassfish/jaxb/jaxb-runtime/2.3.2/FastInfoset-1.2.16.jar,file:/C:/Users/hema/.m2/repository/org/glassfish/jaxb/jaxb-runtime/2.3.2/jakarta.activation-api-1.2.1.jar
2024-04-01 10:23:22.614  INFO 15144 --- [restartedMain] .e.DevToolsPropertyDefaultsPostProcessor : Devtools property defaults active! Set 'spring.devtools.add-properties' to 'false' to disable
2024-04-01 10:23:22.614  INFO 15144 --- [restartedMain] .e.DevToolsPropertyDefaultsPostProcessor : For additional web related logging consider setting the 'logging.level.web' property to 'DEBUG'
2024-04-01 10:23:23.780  INFO 15144 --- [restartedMain] .s.d.r.c.RepositoryConfigurationDelegate : Bootstrapping Spring Data repositories in DEFAULT mode.
2024-04-01 10:23:23.864  INFO 15144 --- [restartedMain] .s.d.r.c.RepositoryConfigurationDelegate : Finished Spring Data repository scanning in 71ms. Found 1 repository interfaces.
2024-04-01 10:23:24.227  INFO 15144 --- [restartedMain] trationDelegate$BeanPostProcessorChecker : Bean 'org.springframework.transaction.annotation.ProxyTransactionManagementConfiguration' of type [org.springframework.transaction.annotation.ProxyTransactionManagementConfiguration] is not eligible for getting processed by all BeanPostProcessors (for example: not eligible for auto-proxying)
2024-04-01 10:23:24.566  INFO 15144 --- [restartedMain] o.s.b.w.embedded.tomcat.TomcatWebServer  : Tomcat initialized with port(s): 8080 (http)
2024-04-01 10:23:24.577  INFO 15144 --- [restartedMain] o.apache.catalina.core.StandardService   : Starting service [Tomcat]
2024-04-01 10:23:24.577  INFO 15144 --- [restartedMain] org.apache.catalina.core.StandardEngine  : Starting Servlet engine: [Apache Tomcat/9.0.22]
2024-04-01 10:23:24.686  INFO 15144 --- [restartedMain] o.a.c.c.C.[Tomcat].[localhost].[/]       : Initializing Spring embedded WebApplicationContext
2024-04-01 10:23:24.686  INFO 15144 --- [restartedMain] o.s.web.context.ContextLoader            : Root WebApplicationContext: initialization completed in 2072 ms
2024-04-01 10:23:25.065  INFO 15144 --- [restartedMain] o.hibernate.jpa.internal.util.LogHelper  : HHH000204: Processing PersistenceUnitInfo [name: default]
2024-04-01 10:23:25.132  INFO 15144 --- [restartedMain] org.hibernate.Version                    : HHH000412: Hibernate Core {5.4.4.Final}
2024-04-01 10:23:25.279  INFO 15144 --- [restartedMain] o.hibernate.annotations.common.Version   : HCANN000001: Hibernate Commons Annotations {5.1.0.Final}
2024-04-01 10:23:25.396  INFO 15144 --- [restartedMain] com.zaxxer.hikari.HikariDataSource       : HikariPool-1 - Starting...
2024-04-01 10:23:25.584  INFO 15144 --- [restartedMain] com.zaxxer.hikari.HikariDataSource       : HikariPool-1 - Start completed.
2024-04-01 10:23:25.602  INFO 15144 --- [restartedMain] org.hibernate.dialect.Dialect            : HHH000400: Using dialect: org.hibernate.dialect.PostgreSQLDialect
2024-04-01 10:23:26.484  INFO 15144 --- [restartedMain] o.h.e.t.j.p.i.JtaPlatformInitiator       : HHH000490: Using JtaPlatform implementation: [org.hibernate.engine.transaction.jta.platform.internal.NoJtaPlatform]
2024-04-01 10:23:26.486  INFO 15144 --- [restartedMain] j.LocalContainerEntityManagerFactoryBean : Initialized JPA EntityManagerFactory for persistence unit 'default'
2024-04-01 10:23:26.517  INFO 15144 --- [restartedMain] o.s.b.d.a.OptionalLiveReloadServer       : LiveReload server is running on port 35729
2024-04-01 10:23:26.785  WARN 15144 --- [restartedMain] JpaBaseConfiguration$JpaWebConfiguration : spring.jpa.open-in-view is enabled by default. Therefore, database queries may be performed during view rendering. Explicitly configure spring.jpa.open-in-view to disable this warning
2024-04-01 10:23:26.908  INFO 15144 --- [restartedMain] o.s.s.concurrent.ThreadPoolTaskExecutor  : Initializing ExecutorService 'applicationTaskExecutor'
2024-04-01 10:23:26.983  INFO 15144 --- [restartedMain] o.s.b.a.w.s.WelcomePageHandlerMapping    : Adding welcome page: class path resource [static/index.html]
2024-04-01 10:23:27.175  INFO 15144 --- [restartedMain] o.s.b.a.e.web.EndpointLinksResolver      : Exposing 2 endpoint(s) beneath base path '/actuator'
2024-04-01 10:23:27.249  INFO 15144 --- [restartedMain] o.apache.catalina.core.StandardService   : Stopping service [Tomcat]
2024-04-01 10:23:27.262  INFO 15144 --- [restartedMain] ConditionEvaluationReportLoggingListener : 

Error starting ApplicationContext. To display the conditions report re-run your application with 'debug' enabled.
2024-04-01 10:23:27.264 ERROR 15144 --- [restartedMain] o.s.b.d.LoggingFailureAnalysisReporter   : 

***************************
APPLICATION FAILED TO START
***************************

Description:

Web server failed to start. Port 8080 was already in use.

Action:

Identify and stop the process that's listening on port 8080 or configure this application to listen on another port.

2024-04-01 10:23:27.274  INFO 15144 --- [restartedMain] o.s.s.concurrent.ThreadPoolTaskExecutor  : Shutting down ExecutorService 'applicationTaskExecutor'
2024-04-01 10:23:27.275  INFO 15144 --- [restartedMain] j.LocalContainerEntityManagerFactoryBean : Closing JPA EntityManagerFactory for persistence unit 'default'
2024-04-01 10:23:27.281  INFO 15144 --- [restartedMain] com.zaxxer.hikari.HikariDataSource       : HikariPool-1 - Shutdown initiated...
2024-04-01 10:23:27.285  INFO 15144 --- [restartedMain] com.zaxxer.hikari.HikariDataSource       : HikariPool-1 - Shutdown completed.
2024-04-01 10:25:17.605  INFO 41448 --- [restartedMain] com.student.StudentRecordApplication     : Starting StudentRecordApplication on hemag with PID 41448 (C:\Users\hema\Documents\Angular\StudentRecord\target\classes started by hema in C:\Users\hema\Documents\Angular\StudentRecord)
2024-04-01 10:25:17.607  INFO 41448 --- [restartedMain] com.student.StudentRecordApplication     : No active profile set, falling back to default profiles: default
2024-04-01 10:25:17.648  INFO 41448 --- [restartedMain] o.s.b.devtools.restart.ChangeableUrls    : The Class-Path manifest attribute in C:\Users\hema\.m2\repository\org\glassfish\jaxb\jaxb-runtime\2.3.2\jaxb-runtime-2.3.2.jar referenced one or more files that do not exist: file:/C:/Users/hema/.m2/repository/org/glassfish/jaxb/jaxb-runtime/2.3.2/jakarta.xml.bind-api-2.3.2.jar,file:/C:/Users/hema/.m2/repository/org/glassfish/jaxb/jaxb-runtime/2.3.2/txw2-2.3.2.jar,file:/C:/Users/hema/.m2/repository/org/glassfish/jaxb/jaxb-runtime/2.3.2/istack-commons-runtime-3.0.8.jar,file:/C:/Users/hema/.m2/repository/org/glassfish/jaxb/jaxb-runtime/2.3.2/stax-ex-1.8.1.jar,file:/C:/Users/hema/.m2/repository/org/glassfish/jaxb/jaxb-runtime/2.3.2/FastInfoset-1.2.16.jar,file:/C:/Users/hema/.m2/repository/org/glassfish/jaxb/jaxb-runtime/2.3.2/jakarta.activation-api-1.2.1.jar
2024-04-01 10:25:17.648  INFO 41448 --- [restartedMain] .e.DevToolsPropertyDefaultsPostProcessor : Devtools property defaults active! Set 'spring.devtools.add-properties' to 'false' to disable
2024-04-01 10:25:17.648  INFO 41448 --- [restartedMain] .e.DevToolsPropertyDefaultsPostProcessor : For additional web related logging consider setting the 'logging.level.web' property to 'DEBUG'
2024-04-01 10:25:18.277  INFO 41448 --- [restartedMain] .s.d.r.c.RepositoryConfigurationDelegate : Bootstrapping Spring Data repositories in DEFAULT mode.
2024-04-01 10:25:18.318  INFO 41448 --- [restartedMain] .s.d.r.c.RepositoryConfigurationDelegate : Finished Spring Data repository scanning in 36ms. Found 1 repository interfaces.
2024-04-01 10:25:18.516  INFO 41448 --- [restartedMain] trationDelegate$BeanPostProcessorChecker : Bean 'org.springframework.transaction.annotation.ProxyTransactionManagementConfiguration' of type [org.springframework.transaction.annotation.ProxyTransactionManagementConfiguration] is not eligible for getting processed by all BeanPostProcessors (for example: not eligible for auto-proxying)
2024-04-01 10:25:18.726  INFO 41448 --- [restartedMain] o.s.b.w.embedded.tomcat.TomcatWebServer  : Tomcat initialized with port(s): 8080 (http)
2024-04-01 10:25:18.734  INFO 41448 --- [restartedMain] o.apache.catalina.core.StandardService   : Starting service [Tomcat]
2024-04-01 10:25:18.734  INFO 41448 --- [restartedMain] org.apache.catalina.core.StandardEngine  : Starting Servlet engine: [Apache Tomcat/9.0.22]
2024-04-01 10:25:18.793  INFO 41448 --- [restartedMain] o.a.c.c.C.[Tomcat].[localhost].[/]       : Initializing Spring embedded WebApplicationContext
2024-04-01 10:25:18.793  INFO 41448 --- [restartedMain] o.s.web.context.ContextLoader            : Root WebApplicationContext: initialization completed in 1145 ms
2024-04-01 10:25:19.052  INFO 41448 --- [restartedMain] o.hibernate.jpa.internal.util.LogHelper  : HHH000204: Processing PersistenceUnitInfo [name: default]
2024-04-01 10:25:19.102  INFO 41448 --- [restartedMain] org.hibernate.Version                    : HHH000412: Hibernate Core {5.4.4.Final}
2024-04-01 10:25:19.204  INFO 41448 --- [restartedMain] o.hibernate.annotations.common.Version   : HCANN000001: Hibernate Commons Annotations {5.1.0.Final}
2024-04-01 10:25:19.283  INFO 41448 --- [restartedMain] com.zaxxer.hikari.HikariDataSource       : HikariPool-1 - Starting...
2024-04-01 10:25:19.420  INFO 41448 --- [restartedMain] com.zaxxer.hikari.HikariDataSource       : HikariPool-1 - Start completed.
2024-04-01 10:25:19.432  INFO 41448 --- [restartedMain] org.hibernate.dialect.Dialect            : HHH000400: Using dialect: org.hibernate.dialect.PostgreSQLDialect
2024-04-01 10:25:20.074  INFO 41448 --- [restartedMain] o.h.e.t.j.p.i.JtaPlatformInitiator       : HHH000490: Using JtaPlatform implementation: [org.hibernate.engine.transaction.jta.platform.internal.NoJtaPlatform]
2024-04-01 10:25:20.076  INFO 41448 --- [restartedMain] j.LocalContainerEntityManagerFactoryBean : Initialized JPA EntityManagerFactory for persistence unit 'default'
2024-04-01 10:25:20.112  INFO 41448 --- [restartedMain] o.s.b.d.a.OptionalLiveReloadServer       : LiveReload server is running on port 35729
2024-04-01 10:25:20.328  WARN 41448 --- [restartedMain] JpaBaseConfiguration$JpaWebConfiguration : spring.jpa.open-in-view is enabled by default. Therefore, database queries may be performed during view rendering. Explicitly configure spring.jpa.open-in-view to disable this warning
2024-04-01 10:25:20.436  INFO 41448 --- [restartedMain] o.s.s.concurrent.ThreadPoolTaskExecutor  : Initializing ExecutorService 'applicationTaskExecutor'
2024-04-01 10:25:20.498  INFO 41448 --- [restartedMain] o.s.b.a.w.s.WelcomePageHandlerMapping    : Adding welcome page: class path resource [static/index.html]
2024-04-01 10:25:20.667  INFO 41448 --- [restartedMain] o.s.b.a.e.web.EndpointLinksResolver      : Exposing 2 endpoint(s) beneath base path '/actuator'
2024-04-01 10:25:20.731  INFO 41448 --- [restartedMain] o.s.b.w.embedded.tomcat.TomcatWebServer  : Tomcat started on port(s): 8080 (http) with context path ''
2024-04-01 10:25:20.734  INFO 41448 --- [restartedMain] com.student.StudentRecordApplication     : Started StudentRecordApplication in 3.385 seconds (JVM running for 3.965)
2024-04-01 10:26:09.290  INFO 41448 --- [http-nio-8080-exec-1] o.a.c.c.C.[Tomcat].[localhost].[/]       : Initializing Spring DispatcherServlet 'dispatcherServlet'
2024-04-01 10:26:09.290  INFO 41448 --- [http-nio-8080-exec-1] o.s.web.servlet.DispatcherServlet        : Initializing Servlet 'dispatcherServlet'
2024-04-01 10:26:09.302  INFO 41448 --- [http-nio-8080-exec-1] o.s.web.servlet.DispatcherServlet        : Completed initialization in 12 ms
2024-04-01 10:29:17.875  INFO 41448 --- [Thread-5] o.s.s.concurrent.ThreadPoolTaskExecutor  : Shutting down ExecutorService 'applicationTaskExecutor'
2024-04-01 10:29:17.876  INFO 41448 --- [Thread-5] j.LocalContainerEntityManagerFactoryBean : Closing JPA EntityManagerFactory for persistence unit 'default'
2024-04-01 10:29:17.879  INFO 41448 --- [Thread-5] com.zaxxer.hikari.HikariDataSource       : HikariPool-1 - Shutdown initiated...
2024-04-01 10:29:17.883  INFO 41448 --- [Thread-5] com.zaxxer.hikari.HikariDataSource       : HikariPool-1 - Shutdown completed.
2024-04-01 10:29:20.914  INFO 41448 --- [restartedMain] com.student.StudentRecordApplication     : Starting StudentRecordApplication on hemag with PID 41448 (C:\Users\hema\Documents\Angular\StudentRecord\target\classes started by hema in C:\Users\hema\Documents\Angular\StudentRecord)
2024-04-01 10:29:20.915  INFO 41448 --- [restartedMain] com.student.StudentRecordApplication     : No active profile set, falling back to default profiles: default
2024-04-01 10:29:21.167  INFO 41448 --- [restartedMain] .s.d.r.c.RepositoryConfigurationDelegate : Bootstrapping Spring Data repositories in DEFAULT mode.
2024-04-01 10:29:21.178  INFO 41448 --- [restartedMain] .s.d.r.c.RepositoryConfigurationDelegate : Finished Spring Data repository scanning in 11ms. Found 1 repository interfaces.
2024-04-01 10:29:21.225  INFO 41448 --- [restartedMain] trationDelegate$BeanPostProcessorChecker : Bean 'org.springframework.transaction.annotation.ProxyTransactionManagementConfiguration' of type [org.springframework.transaction.annotation.ProxyTransactionManagementConfiguration] is not eligible for getting processed by all BeanPostProcessors (for example: not eligible for auto-proxying)
2024-04-01 10:29:21.258  WARN 41448 --- [restartedMain] org.apache.tomcat.util.modeler.Registry  : The MBean registry cannot be disabled because it has already been initialised
2024-04-01 10:29:21.267  INFO 41448 --- [restartedMain] o.s.b.w.embedded.tomcat.TomcatWebServer  : Tomcat initialized with port(s): 8080 (http)
2024-04-01 10:29:21.271  INFO 41448 --- [restartedMain] o.apache.catalina.core.StandardService   : Starting service [Tomcat]
2024-04-01 10:29:21.271  INFO 41448 --- [restartedMain] org.apache.catalina.core.StandardEngine  : Starting Servlet engine: [Apache Tomcat/9.0.22]
2024-04-01 10:29:21.290  INFO 41448 --- [restartedMain] o.a.c.c.C.[Tomcat-1].[localhost].[/]     : Initializing Spring embedded WebApplicationContext
2024-04-01 10:29:21.290  INFO 41448 --- [restartedMain] o.s.web.context.ContextLoader            : Root WebApplicationContext: initialization completed in 373 ms
2024-04-01 10:29:21.395  INFO 41448 --- [restartedMain] o.hibernate.jpa.internal.util.LogHelper  : HHH000204: Processing PersistenceUnitInfo [name: default]
2024-04-01 10:29:21.400  INFO 41448 --- [restartedMain] com.zaxxer.hikari.HikariDataSource       : HikariPool-2 - Starting...
2024-04-01 10:29:21.450  INFO 41448 --- [restartedMain] com.zaxxer.hikari.HikariDataSource       : HikariPool-2 - Start completed.
2024-04-01 10:29:21.450  INFO 41448 --- [restartedMain] org.hibernate.dialect.Dialect            : HHH000400: Using dialect: org.hibernate.dialect.PostgreSQLDialect
2024-04-01 10:29:21.626  INFO 41448 --- [restartedMain] o.h.e.t.j.p.i.JtaPlatformInitiator       : HHH000490: Using JtaPlatform implementation: [org.hibernate.engine.transaction.jta.platform.internal.NoJtaPlatform]
2024-04-01 10:29:21.626  INFO 41448 --- [restartedMain] j.LocalContainerEntityManagerFactoryBean : Initialized JPA EntityManagerFactory for persistence unit 'default'
2024-04-01 10:29:21.638  INFO 41448 --- [restartedMain] o.s.b.d.a.OptionalLiveReloadServer       : LiveReload server is running on port 35729
2024-04-01 10:29:21.693  WARN 41448 --- [restartedMain] JpaBaseConfiguration$JpaWebConfiguration : spring.jpa.open-in-view is enabled by default. Therefore, database queries may be performed during view rendering. Explicitly configure spring.jpa.open-in-view to disable this warning
2024-04-01 10:29:21.729  INFO 41448 --- [restartedMain] o.s.s.concurrent.ThreadPoolTaskExecutor  : Initializing ExecutorService 'applicationTaskExecutor'
2024-04-01 10:29:21.850  INFO 41448 --- [restartedMain] o.s.b.a.e.web.EndpointLinksResolver      : Exposing 2 endpoint(s) beneath base path '/actuator'
2024-04-01 10:29:21.879  INFO 41448 --- [restartedMain] o.s.b.w.embedded.tomcat.TomcatWebServer  : Tomcat started on port(s): 8080 (http) with context path ''
2024-04-01 10:29:21.879  INFO 41448 --- [restartedMain] com.student.StudentRecordApplication     : Started StudentRecordApplication in 0.983 seconds (JVM running for 245.11)
2024-04-01 10:29:21.883  INFO 41448 --- [restartedMain] .ConditionEvaluationDeltaLoggingListener : Condition evaluation unchanged
2024-04-01 10:29:39.235  INFO 41448 --- [http-nio-8080-exec-1] o.a.c.c.C.[Tomcat-1].[localhost].[/]     : Initializing Spring DispatcherServlet 'dispatcherServlet'
2024-04-01 10:29:39.236  INFO 41448 --- [http-nio-8080-exec-1] o.s.web.servlet.DispatcherServlet        : Initializing Servlet 'dispatcherServlet'
2024-04-01 10:29:39.237  INFO 41448 --- [http-nio-8080-exec-1] o.s.web.servlet.DispatcherServlet        : Completed initialization in 1 ms
2024-04-01 10:32:45.151  INFO 41448 --- [Thread-10] o.s.s.concurrent.ThreadPoolTaskExecutor  : Shutting down ExecutorService 'applicationTaskExecutor'
2024-04-01 10:32:45.152  INFO 41448 --- [Thread-10] j.LocalContainerEntityManagerFactoryBean : Closing JPA EntityManagerFactory for persistence unit 'default'
2024-04-01 10:32:45.153  INFO 41448 --- [Thread-10] com.zaxxer.hikari.HikariDataSource       : HikariPool-2 - Shutdown initiated...
2024-04-01 10:32:45.164  INFO 41448 --- [Thread-10] com.zaxxer.hikari.HikariDataSource       : HikariPool-2 - Shutdown completed.
2024-04-01 10:32:45.301  INFO 41448 --- [restartedMain] com.student.StudentRecordApplication     : Starting StudentRecordApplication on hemag with PID 41448 (C:\Users\hema\Documents\Angular\StudentRecord\target\classes started by hema in C:\Users\hema\Documents\Angular\StudentRecord)
2024-04-01 10:32:45.301  INFO 41448 --- [restartedMain] com.student.StudentRecordApplication     : No active profile set, falling back to default profiles: default
2024-04-01 10:32:45.663  INFO 41448 --- [restartedMain] .s.d.r.c.RepositoryConfigurationDelegate : Bootstrapping Spring Data repositories in DEFAULT mode.
2024-04-01 10:32:45.688  INFO 41448 --- [restartedMain] .s.d.r.c.RepositoryConfigurationDelegate : Finished Spring Data repository scanning in 25ms. Found 1 repository interfaces.
2024-04-01 10:32:45.757  INFO 41448 --- [restartedMain] trationDelegate$BeanPostProcessorChecker : Bean 'org.springframework.transaction.annotation.ProxyTransactionManagementConfiguration' of type [org.springframework.transaction.annotation.ProxyTransactionManagementConfiguration] is not eligible for getting processed by all BeanPostProcessors (for example: not eligible for auto-proxying)
2024-04-01 10:32:45.811  WARN 41448 --- [restartedMain] org.apache.tomcat.util.modeler.Registry  : The MBean registry cannot be disabled because it has already been initialised
2024-04-01 10:32:45.823  INFO 41448 --- [restartedMain] o.s.b.w.embedded.tomcat.TomcatWebServer  : Tomcat initialized with port(s): 8080 (http)
2024-04-01 10:32:45.823  INFO 41448 --- [restartedMain] o.apache.catalina.core.StandardService   : Starting service [Tomcat]
2024-04-01 10:32:45.824  INFO 41448 --- [restartedMain] org.apache.catalina.core.StandardEngine  : Starting Servlet engine: [Apache Tomcat/9.0.22]
2024-04-01 10:32:45.847  INFO 41448 --- [restartedMain] o.a.c.c.C.[Tomcat-1].[localhost].[/]     : Initializing Spring embedded WebApplicationContext
2024-04-01 10:32:45.847  INFO 41448 --- [restartedMain] o.s.web.context.ContextLoader            : Root WebApplicationContext: initialization completed in 543 ms
2024-04-01 10:32:45.995  INFO 41448 --- [restartedMain] o.hibernate.jpa.internal.util.LogHelper  : HHH000204: Processing PersistenceUnitInfo [name: default]
2024-04-01 10:32:46.002  INFO 41448 --- [restartedMain] com.zaxxer.hikari.HikariDataSource       : HikariPool-3 - Starting...
2024-04-01 10:32:46.062  INFO 41448 --- [restartedMain] com.zaxxer.hikari.HikariDataSource       : HikariPool-3 - Start completed.
2024-04-01 10:32:46.062  INFO 41448 --- [restartedMain] org.hibernate.dialect.Dialect            : HHH000400: Using dialect: org.hibernate.dialect.PostgreSQLDialect
2024-04-01 10:32:46.257  INFO 41448 --- [restartedMain] o.h.e.t.j.p.i.JtaPlatformInitiator       : HHH000490: Using JtaPlatform implementation: [org.hibernate.engine.transaction.jta.platform.internal.NoJtaPlatform]
2024-04-01 10:32:46.258  INFO 41448 --- [restartedMain] j.LocalContainerEntityManagerFactoryBean : Initialized JPA EntityManagerFactory for persistence unit 'default'
2024-04-01 10:32:46.273  INFO 41448 --- [restartedMain] o.s.b.d.a.OptionalLiveReloadServer       : LiveReload server is running on port 35729
2024-04-01 10:32:46.305  WARN 41448 --- [restartedMain] JpaBaseConfiguration$JpaWebConfiguration : spring.jpa.open-in-view is enabled by default. Therefore, database queries may be performed during view rendering. Explicitly configure spring.jpa.open-in-view to disable this warning
2024-04-01 10:32:46.424  INFO 41448 --- [restartedMain] o.s.s.concurrent.ThreadPoolTaskExecutor  : Initializing ExecutorService 'applicationTaskExecutor'
2024-04-01 10:32:46.595  INFO 41448 --- [restartedMain] o.s.b.a.e.web.EndpointLinksResolver      : Exposing 2 endpoint(s) beneath base path '/actuator'
2024-04-01 10:32:46.628  INFO 41448 --- [restartedMain] o.s.b.w.embedded.tomcat.TomcatWebServer  : Tomcat started on port(s): 8080 (http) with context path ''
2024-04-01 10:32:46.629  INFO 41448 --- [restartedMain] com.student.StudentRecordApplication     : Started StudentRecordApplication in 1.358 seconds (JVM running for 449.859)
2024-04-01 10:32:46.632  INFO 41448 --- [restartedMain] .ConditionEvaluationDeltaLoggingListener : Condition evaluation unchanged
2024-04-01 10:32:48.098  INFO 304 --- [main] c.student.StudentRecordApplicationTests  : Starting StudentRecordApplicationTests on hemag with PID 304 (started by hema in C:\Users\hema\Documents\Angular\StudentRecord)
2024-04-01 10:32:48.100  INFO 304 --- [main] c.student.StudentRecordApplicationTests  : No active profile set, falling back to default profiles: default
2024-04-01 10:32:49.070  INFO 304 --- [main] .s.d.r.c.RepositoryConfigurationDelegate : Bootstrapping Spring Data repositories in DEFAULT mode.
2024-04-01 10:32:49.164  INFO 304 --- [main] .s.d.r.c.RepositoryConfigurationDelegate : Finished Spring Data repository scanning in 82ms. Found 1 repository interfaces.
2024-04-01 10:32:49.538  INFO 304 --- [main] trationDelegate$BeanPostProcessorChecker : Bean 'org.springframework.transaction.annotation.ProxyTransactionManagementConfiguration' of type [org.springframework.transaction.annotation.ProxyTransactionManagementConfiguration] is not eligible for getting processed by all BeanPostProcessors (for example: not eligible for auto-proxying)
2024-04-01 10:32:49.870  INFO 304 --- [main] o.hibernate.jpa.internal.util.LogHelper  : HHH000204: Processing PersistenceUnitInfo [name: default]
2024-04-01 10:32:49.946  INFO 304 --- [main] org.hibernate.Version                    : HHH000412: Hibernate Core {5.4.4.Final}
2024-04-01 10:32:50.095  INFO 304 --- [main] o.hibernate.annotations.common.Version   : HCANN000001: Hibernate Commons Annotations {5.1.0.Final}
2024-04-01 10:32:50.304  INFO 304 --- [main] com.zaxxer.hikari.HikariDataSource       : HikariPool-1 - Starting...
2024-04-01 10:32:50.494  INFO 304 --- [main] com.zaxxer.hikari.HikariDataSource       : HikariPool-1 - Start completed.
2024-04-01 10:32:50.509  INFO 304 --- [main] org.hibernate.dialect.Dialect            : HHH000400: Using dialect: org.hibernate.dialect.PostgreSQLDialect
2024-04-01 10:32:51.291  INFO 304 --- [main] o.h.e.t.j.p.i.JtaPlatformInitiator       : HHH000490: Using JtaPlatform implementation: [org.hibernate.engine.transaction.jta.platform.internal.NoJtaPlatform]
2024-04-01 10:32:51.292  INFO 304 --- [main] j.LocalContainerEntityManagerFactoryBean : Initialized JPA EntityManagerFactory for persistence unit 'default'
2024-04-01 10:32:51.797  WARN 304 --- [main] JpaBaseConfiguration$JpaWebConfiguration : spring.jpa.open-in-view is enabled by default. Therefore, database queries may be performed during view rendering. Explicitly configure spring.jpa.open-in-view to disable this warning
2024-04-01 10:32:52.192  INFO 304 --- [main] o.s.s.concurrent.ThreadPoolTaskExecutor  : Initializing ExecutorService 'applicationTaskExecutor'
2024-04-01 10:32:52.756  INFO 304 --- [main] o.s.b.a.e.web.EndpointLinksResolver      : Exposing 2 endpoint(s) beneath base path '/actuator'
2024-04-01 10:32:52.823  INFO 304 --- [main] c.student.StudentRecordApplicationTests  : Started StudentRecordApplicationTests in 5.064 seconds (JVM running for 6.011)
2024-04-01 10:32:53.123  INFO 304 --- [Thread-3] o.s.s.concurrent.ThreadPoolTaskExecutor  : Shutting down ExecutorService 'applicationTaskExecutor'
2024-04-01 10:32:53.126  INFO 304 --- [Thread-3] j.LocalContainerEntityManagerFactoryBean : Closing JPA EntityManagerFactory for persistence unit 'default'
2024-04-01 10:32:53.130  INFO 304 --- [Thread-3] com.zaxxer.hikari.HikariDataSource       : HikariPool-1 - Shutdown initiated...
2024-04-01 10:32:53.148  INFO 304 --- [Thread-3] com.zaxxer.hikari.HikariDataSource       : HikariPool-1 - Shutdown completed.
2024-04-01 10:33:08.516  INFO 41448 --- [RMI TCP Connection(22)-127.0.0.1] inMXBeanRegistrar$SpringApplicationAdmin : Application shutdown requested.
2024-04-01 10:33:08.518  INFO 41448 --- [RMI TCP Connection(22)-127.0.0.1] o.s.s.concurrent.ThreadPoolTaskExecutor  : Shutting down ExecutorService 'applicationTaskExecutor'
2024-04-01 10:33:08.519  INFO 41448 --- [RMI TCP Connection(22)-127.0.0.1] j.LocalContainerEntityManagerFactoryBean : Closing JPA EntityManagerFactory for persistence unit 'default'
2024-04-01 10:33:08.520  INFO 41448 --- [RMI TCP Connection(22)-127.0.0.1] com.zaxxer.hikari.HikariDataSource       : HikariPool-3 - Shutdown initiated...
2024-04-01 10:33:08.524  INFO 41448 --- [RMI TCP Connection(22)-127.0.0.1] com.zaxxer.hikari.HikariDataSource       : HikariPool-3 - Shutdown completed.
2024-04-01 10:33:31.834  INFO 15412 --- [main] c.student.StudentRecordApplicationTests  : Starting StudentRecordApplicationTests on hemag with PID 15412 (started by hema in C:\Users\hema\Documents\Angular\StudentRecord)
2024-04-01 10:33:31.835  INFO 15412 --- [main] c.student.StudentRecordApplicationTests  : No active profile set, falling back to default profiles: default
2024-04-01 10:33:32.802  INFO 15412 --- [main] .s.d.r.c.RepositoryConfigurationDelegate : Bootstrapping Spring Data repositories in DEFAULT mode.
2024-04-01 10:33:32.894  INFO 15412 --- [main] .s.d.r.c.RepositoryConfigurationDelegate : Finished Spring Data repository scanning in 82ms. Found 1 repository interfaces.
2024-04-01 10:33:33.215  INFO 15412 --- [main] trationDelegate$BeanPostProcessorChecker : Bean 'org.springframework.transaction.annotation.ProxyTransactionManagementConfiguration' of type [org.springframework.transaction.annotation.ProxyTransactionManagementConfiguration] is not eligible for getting processed by all BeanPostProcessors (for example: not eligible for auto-proxying)
2024-04-01 10:33:33.493  INFO 15412 --- [main] o.hibernate.jpa.internal.util.LogHelper  : HHH000204: Processing PersistenceUnitInfo [name: default]
2024-04-01 10:33:33.563  INFO 15412 --- [main] org.hibernate.Version                    : HHH000412: Hibernate Core {5.4.4.Final}
2024-04-01 10:33:33.702  INFO 15412 --- [main] o.hibernate.annotations.common.Version   : HCANN000001: Hibernate Commons Annotations {5.1.0.Final}
2024-04-01 10:33:33.869  INFO 15412 --- [main] com.zaxxer.hikari.HikariDataSource       : HikariPool-1 - Starting...
2024-04-01 10:33:34.053  INFO 15412 --- [main] com.zaxxer.hikari.HikariDataSource       : HikariPool-1 - Start completed.
2024-04-01 10:33:34.071  INFO 15412 --- [main] org.hibernate.dialect.Dialect            : HHH000400: Using dialect: org.hibernate.dialect.PostgreSQLDialect
2024-04-01 10:33:35.124  INFO 15412 --- [main] o.h.e.t.j.p.i.JtaPlatformInitiator       : HHH000490: Using JtaPlatform implementation: [org.hibernate.engine.transaction.jta.platform.internal.NoJtaPlatform]
2024-04-01 10:33:35.126  INFO 15412 --- [main] j.LocalContainerEntityManagerFactoryBean : Initialized JPA EntityManagerFactory for persistence unit 'default'
2024-04-01 10:33:35.874  WARN 15412 --- [main] JpaBaseConfiguration$JpaWebConfiguration : spring.jpa.open-in-view is enabled by default. Therefore, database queries may be performed during view rendering. Explicitly configure spring.jpa.open-in-view to disable this warning
2024-04-01 10:33:36.335  INFO 15412 --- [main] o.s.s.concurrent.ThreadPoolTaskExecutor  : Initializing ExecutorService 'applicationTaskExecutor'
2024-04-01 10:33:37.054  INFO 15412 --- [main] o.s.b.a.e.web.EndpointLinksResolver      : Exposing 2 endpoint(s) beneath base path '/actuator'
2024-04-01 10:33:37.157  INFO 15412 --- [main] c.student.StudentRecordApplicationTests  : Started StudentRecordApplicationTests in 5.638 seconds (JVM running for 6.719)
2024-04-01 10:33:37.530  INFO 15412 --- [Thread-3] o.s.s.concurrent.ThreadPoolTaskExecutor  : Shutting down ExecutorService 'applicationTaskExecutor'
2024-04-01 10:33:37.535  INFO 15412 --- [Thread-3] j.LocalContainerEntityManagerFactoryBean : Closing JPA EntityManagerFactory for persistence unit 'default'
2024-04-01 10:33:37.539  INFO 15412 --- [Thread-3] com.zaxxer.hikari.HikariDataSource       : HikariPool-1 - Shutdown initiated...
2024-04-01 10:33:37.556  INFO 15412 --- [Thread-3] com.zaxxer.hikari.HikariDataSource       : HikariPool-1 - Shutdown completed.
2024-04-01 10:36:31.300  INFO 36508 --- [main] c.student.StudentRecordApplicationTests  : Starting StudentRecordApplicationTests on hemag with PID 36508 (started by hema in C:\Users\hema\Documents\Angular\StudentRecord)
2024-04-01 10:36:31.302  INFO 36508 --- [main] c.student.StudentRecordApplicationTests  : No active profile set, falling back to default profiles: default
2024-04-01 10:36:32.227  INFO 36508 --- [main] .s.d.r.c.RepositoryConfigurationDelegate : Bootstrapping Spring Data repositories in DEFAULT mode.
2024-04-01 10:36:32.294  INFO 36508 --- [main] .s.d.r.c.RepositoryConfigurationDelegate : Finished Spring Data repository scanning in 53ms. Found 1 repository interfaces.
2024-04-01 10:36:32.603  INFO 36508 --- [main] trationDelegate$BeanPostProcessorChecker : Bean 'org.springframework.transaction.annotation.ProxyTransactionManagementConfiguration' of type [org.springframework.transaction.annotation.ProxyTransactionManagementConfiguration] is not eligible for getting processed by all BeanPostProcessors (for example: not eligible for auto-proxying)
2024-04-01 10:36:32.921  INFO 36508 --- [main] o.hibernate.jpa.internal.util.LogHelper  : HHH000204: Processing PersistenceUnitInfo [name: default]
2024-04-01 10:36:32.992  INFO 36508 --- [main] org.hibernate.Version                    : HHH000412: Hibernate Core {5.4.4.Final}
2024-04-01 10:36:33.172  INFO 36508 --- [main] o.hibernate.annotations.common.Version   : HCANN000001: Hibernate Commons Annotations {5.1.0.Final}
2024-04-01 10:36:33.366  INFO 36508 --- [main] com.zaxxer.hikari.HikariDataSource       : HikariPool-1 - Starting...
2024-04-01 10:36:33.558  INFO 36508 --- [main] com.zaxxer.hikari.HikariDataSource       : HikariPool-1 - Start completed.
2024-04-01 10:36:33.572  INFO 36508 --- [main] org.hibernate.dialect.Dialect            : HHH000400: Using dialect: org.hibernate.dialect.PostgreSQLDialect
2024-04-01 10:36:34.527  INFO 36508 --- [main] o.h.e.t.j.p.i.JtaPlatformInitiator       : HHH000490: Using JtaPlatform implementation: [org.hibernate.engine.transaction.jta.platform.internal.NoJtaPlatform]
2024-04-01 10:36:34.528  INFO 36508 --- [main] j.LocalContainerEntityManagerFactoryBean : Initialized JPA EntityManagerFactory for persistence unit 'default'
2024-04-01 10:36:35.027  WARN 36508 --- [main] JpaBaseConfiguration$JpaWebConfiguration : spring.jpa.open-in-view is enabled by default. Therefore, database queries may be performed during view rendering. Explicitly configure spring.jpa.open-in-view to disable this warning
2024-04-01 10:36:35.435  INFO 36508 --- [main] o.s.s.concurrent.ThreadPoolTaskExecutor  : Initializing ExecutorService 'applicationTaskExecutor'
2024-04-01 10:36:36.029  INFO 36508 --- [main] o.s.b.a.e.web.EndpointLinksResolver      : Exposing 2 endpoint(s) beneath base path '/actuator'
2024-04-01 10:36:36.106  INFO 36508 --- [main] c.student.StudentRecordApplicationTests  : Started StudentRecordApplicationTests in 5.142 seconds (JVM running for 6.286)
2024-04-01 10:36:36.454  INFO 36508 --- [Thread-3] o.s.s.concurrent.ThreadPoolTaskExecutor  : Shutting down ExecutorService 'applicationTaskExecutor'
2024-04-01 10:36:36.458  INFO 36508 --- [Thread-3] j.LocalContainerEntityManagerFactoryBean : Closing JPA EntityManagerFactory for persistence unit 'default'
2024-04-01 10:36:36.460  INFO 36508 --- [Thread-3] com.zaxxer.hikari.HikariDataSource       : HikariPool-1 - Shutdown initiated...
2024-04-01 10:36:36.470  INFO 36508 --- [Thread-3] com.zaxxer.hikari.HikariDataSource       : HikariPool-1 - Shutdown completed.
2024-04-01 10:38:43.769  INFO 25208 --- [main] c.student.StudentRecordApplicationTests  : Starting StudentRecordApplicationTests on hemag with PID 25208 (started by hema in C:\Users\hema\Documents\Angular\StudentRecord)
2024-04-01 10:38:43.771  INFO 25208 --- [main] c.student.StudentRecordApplicationTests  : No active profile set, falling back to default profiles: default
2024-04-01 10:38:44.572  INFO 25208 --- [main] .s.d.r.c.RepositoryConfigurationDelegate : Bootstrapping Spring Data repositories in DEFAULT mode.
2024-04-01 10:38:44.652  INFO 25208 --- [main] .s.d.r.c.RepositoryConfigurationDelegate : Finished Spring Data repository scanning in 71ms. Found 1 repository interfaces.
2024-04-01 10:38:44.939  INFO 25208 --- [main] trationDelegate$BeanPostProcessorChecker : Bean 'org.springframework.transaction.annotation.ProxyTransactionManagementConfiguration' of type [org.springframework.transaction.annotation.ProxyTransactionManagementConfiguration] is not eligible for getting processed by all BeanPostProcessors (for example: not eligible for auto-proxying)
2024-04-01 10:38:45.213  INFO 25208 --- [main] o.hibernate.jpa.internal.util.LogHelper  : HHH000204: Processing PersistenceUnitInfo [name: default]
2024-04-01 10:38:45.320  INFO 25208 --- [main] org.hibernate.Version                    : HHH000412: Hibernate Core {5.4.4.Final}
2024-04-01 10:38:45.481  INFO 25208 --- [main] o.hibernate.annotations.common.Version   : HCANN000001: Hibernate Commons Annotations {5.1.0.Final}
2024-04-01 10:38:45.660  INFO 25208 --- [main] com.zaxxer.hikari.HikariDataSource       : HikariPool-1 - Starting...
2024-04-01 10:38:45.847  INFO 25208 --- [main] com.zaxxer.hikari.HikariDataSource       : HikariPool-1 - Start completed.
2024-04-01 10:38:45.868  INFO 25208 --- [main] org.hibernate.dialect.Dialect            : HHH000400: Using dialect: org.hibernate.dialect.PostgreSQLDialect
2024-04-01 10:38:46.773  INFO 25208 --- [main] o.h.e.t.j.p.i.JtaPlatformInitiator       : HHH000490: Using JtaPlatform implementation: [org.hibernate.engine.transaction.jta.platform.internal.NoJtaPlatform]
2024-04-01 10:38:46.775  INFO 25208 --- [main] j.LocalContainerEntityManagerFactoryBean : Initialized JPA EntityManagerFactory for persistence unit 'default'
2024-04-01 10:38:47.344  WARN 25208 --- [main] JpaBaseConfiguration$JpaWebConfiguration : spring.jpa.open-in-view is enabled by default. Therefore, database queries may be performed during view rendering. Explicitly configure spring.jpa.open-in-view to disable this warning
2024-04-01 10:38:47.804  INFO 25208 --- [main] o.s.s.concurrent.ThreadPoolTaskExecutor  : Initializing ExecutorService 'applicationTaskExecutor'
2024-04-01 10:38:48.582  INFO 25208 --- [main] o.s.b.a.e.web.EndpointLinksResolver      : Exposing 2 endpoint(s) beneath base path '/actuator'
2024-04-01 10:38:48.680  INFO 25208 --- [main] c.student.StudentRecordApplicationTests  : Started StudentRecordApplicationTests in 5.207 seconds (JVM running for 6.126)
2024-04-01 10:38:49.062  INFO 25208 --- [Thread-3] o.s.s.concurrent.ThreadPoolTaskExecutor  : Shutting down ExecutorService 'applicationTaskExecutor'
2024-04-01 10:38:49.067  INFO 25208 --- [Thread-3] j.LocalContainerEntityManagerFactoryBean : Closing JPA EntityManagerFactory for persistence unit 'default'
2024-04-01 10:38:49.069  INFO 25208 --- [Thread-3] com.zaxxer.hikari.HikariDataSource       : HikariPool-1 - Shutdown initiated...
2024-04-01 10:38:49.078  INFO 25208 --- [Thread-3] com.zaxxer.hikari.HikariDataSource       : HikariPool-1 - Shutdown completed.
